<?xml version="1.0" encoding="UTF-8"?>
<!-- Generated by org.testng.reporters.JUnitReportReporter -->
<testsuite name="AutomationTrainingPrj1.gmailLogin.BookingTest" tests="1" time="75.061" ignored="0" failures="0" timestamp="17 Jan 2017 15:54:05 GMT" skipped="0" hostname="NJN0SK22" errors="0">
  <testcase name="f" time="75.061" classname="AutomationTrainingPrj1.gmailLogin.BookingTest"/>
</testsuite> <!-- AutomationTrainingPrj1.gmailLogin.BookingTest -->
