<?xml version="1.0" encoding="UTF-8"?>
<!-- Generated by org.testng.reporters.JUnitReportReporter -->
<testsuite name="AutomationTrainingPrj1.gmailLogin.BookingTest" tests="1" time="50.039" ignored="1" failures="0" timestamp="24 Jan 2017 15:02:51 GMT" skipped="0" hostname="NJN0SK22" errors="0">
  <testcase name="searchAndSelectProduct" time="50.039" classname="AutomationTrainingPrj1.gmailLogin.BookingTest"/>
  <testcase name="testSearch" classname="AutomationTrainingPrj1.gmailLogin.BookingTest">
    <skipped/>
  </testcase> <!-- testSearch -->
</testsuite> <!-- AutomationTrainingPrj1.gmailLogin.BookingTest -->
