<?xml version="1.0" encoding="UTF-8"?>
<!-- Generated by org.testng.reporters.JUnitReportReporter -->
<testsuite name="AutomationTrainingPrj1.gmailLogin.BookingTest" tests="1" time="61.123" ignored="0" failures="0" timestamp="20 Jan 2017 17:34:28 GMT" skipped="0" hostname="NJN0SK22" errors="0">
  <testcase name="testSearch" time="61.123" classname="AutomationTrainingPrj1.gmailLogin.BookingTest"/>
</testsuite> <!-- AutomationTrainingPrj1.gmailLogin.BookingTest -->
