<?xml version="1.0" encoding="UTF-8"?>
<!-- Generated by org.testng.reporters.JUnitReportReporter -->
<testsuite name="AutomationTrainingPrj1.gmailLogin.BookingTest" tests="1" time="29.674" ignored="1" failures="0" timestamp="26 Jan 2017 20:21:43 GMT" skipped="0" hostname="NJN0SK22" errors="0">
  <testcase name="searchAndSelectProduct" time="29.674" classname="AutomationTrainingPrj1.gmailLogin.BookingTest"/>
  <testcase name="testSearch" classname="AutomationTrainingPrj1.gmailLogin.BookingTest">
    <skipped/>
  </testcase> <!-- testSearch -->
</testsuite> <!-- AutomationTrainingPrj1.gmailLogin.BookingTest -->
