<?xml version="1.0" encoding="UTF-8"?>
<!-- Generated by org.testng.reporters.JUnitReportReporter -->
<testsuite name="AutomationTrainingPrj1.gmailLogin.gmailLoginTest" tests="1" time="10.087" ignored="0" failures="0" timestamp="16 Jan 2017 18:52:25 GMT" skipped="0" hostname="NJN0SK22" errors="0">
  <testcase name="f" time="10.087" classname="AutomationTrainingPrj1.gmailLogin.gmailLoginTest"/>
</testsuite> <!-- AutomationTrainingPrj1.gmailLogin.gmailLoginTest -->
