<?xml version="1.0" encoding="UTF-8"?>
<!-- Generated by org.testng.reporters.JUnitReportReporter -->
<testsuite name="AutomationTrainingPrj1.gmailLogin.gmailLoginTest" tests="1" time="19.271" ignored="5" failures="0" timestamp="20 Jan 2017 19:40:58 GMT" skipped="0" hostname="NJN0SK22" errors="0">
  <testcase name="invalidEmailExcel" time="19.271" classname="AutomationTrainingPrj1.gmailLogin.gmailLoginTest"/>
  <testcase name="validLogin" classname="AutomationTrainingPrj1.gmailLogin.gmailLoginTest">
    <skipped/>
  </testcase> <!-- validLogin -->
  <testcase name="validLoginExcel" classname="AutomationTrainingPrj1.gmailLogin.gmailLoginTest">
    <skipped/>
  </testcase> <!-- validLoginExcel -->
  <testcase name="invalidPassword" classname="AutomationTrainingPrj1.gmailLogin.gmailLoginTest">
    <skipped/>
  </testcase> <!-- invalidPassword -->
  <testcase name="validLoginToYahoo" classname="AutomationTrainingPrj1.gmailLogin.gmailLoginTest">
    <skipped/>
  </testcase> <!-- validLoginToYahoo -->
  <testcase name="invalidEmail" classname="AutomationTrainingPrj1.gmailLogin.gmailLoginTest">
    <skipped/>
  </testcase> <!-- invalidEmail -->
</testsuite> <!-- AutomationTrainingPrj1.gmailLogin.gmailLoginTest -->
