<?xml version="1.0" encoding="UTF-8"?>
<!-- Generated by org.testng.reporters.JUnitReportReporter -->
<testsuite name="AutomationTrainingPrj1.gmailLogin.gmailLoginTest" tests="1" time="49.260" ignored="6" failures="0" timestamp="27 Jan 2017 20:05:04 GMT" skipped="0" hostname="NJN0SK22" errors="0">
  <testcase name="validLogin" time="49.260" classname="AutomationTrainingPrj1.gmailLogin.gmailLoginTest"/>
  <testcase name="invalidPasswdExcel" classname="AutomationTrainingPrj1.gmailLogin.gmailLoginTest">
    <skipped/>
  </testcase> <!-- invalidPasswdExcel -->
  <testcase name="validLoginExcel" classname="AutomationTrainingPrj1.gmailLogin.gmailLoginTest">
    <skipped/>
  </testcase> <!-- validLoginExcel -->
  <testcase name="invalidPassword" classname="AutomationTrainingPrj1.gmailLogin.gmailLoginTest">
    <skipped/>
  </testcase> <!-- invalidPassword -->
  <testcase name="validLoginToYahoo" classname="AutomationTrainingPrj1.gmailLogin.gmailLoginTest">
    <skipped/>
  </testcase> <!-- validLoginToYahoo -->
  <testcase name="invalidEmailExcel" classname="AutomationTrainingPrj1.gmailLogin.gmailLoginTest">
    <skipped/>
  </testcase> <!-- invalidEmailExcel -->
  <testcase name="invalidEmail" classname="AutomationTrainingPrj1.gmailLogin.gmailLoginTest">
    <skipped/>
  </testcase> <!-- invalidEmail -->
</testsuite> <!-- AutomationTrainingPrj1.gmailLogin.gmailLoginTest -->
